<?xml version="1.0" encoding="UTF-8"?>
<!-- Generated by org.testng.reporters.JUnitReportReporter -->
<testsuite hostname="JOD0126L" failures="0" tests="1" name="testngFirstPractice.TestngFirstPractice" time="0.013" errors="0" timestamp="2022-11-15T11:27:53 AST" skipped="0">
  <testcase classname="testngFirstPractice.TestngFirstPractice" name="test_Title" time="0.013"/>
  <system-out/>
</testsuite> <!-- testngFirstPractice.TestngFirstPractice -->
